<?xml version="1.0" encoding="UTF-8"?>
<testng-results ignored="0" total="1" passed="1" failed="0" skipped="0">
  <reporter-output>
  </reporter-output>
  <suite started-at="2022-02-13T21:38:25 CET" name="Command line suite" finished-at="2022-02-13T21:38:46 CET" duration-ms="20859">
    <groups>
    </groups>
    <test started-at="2022-02-13T21:38:25 CET" name="Command line test" finished-at="2022-02-13T21:38:46 CET" duration-ms="20859">
      <class name="tests.day11.C03_TestBaseIlkTest">
        <test-method is-config="true" signature="setUp()[pri:0, instance:tests.day11.C03_TestBaseIlkTest@7f77e91b]" started-at="2022-02-13T21:38:25 CET" name="setUp" finished-at="2022-02-13T21:38:38 CET" duration-ms="13064" status="PASS">
          <reporter-output>
          </reporter-output>
        </test-method> <!-- setUp -->
        <test-method signature="test01()[pri:0, instance:tests.day11.C03_TestBaseIlkTest@7f77e91b]" started-at="2022-02-13T21:38:38 CET" name="test01" finished-at="2022-02-13T21:38:46 CET" duration-ms="7723" status="PASS">
          <reporter-output>
          </reporter-output>
        </test-method> <!-- test01 -->
        <test-method is-config="true" signature="tearDown()[pri:0, instance:tests.day11.C03_TestBaseIlkTest@7f77e91b]" started-at="2022-02-13T21:38:46 CET" name="tearDown" finished-at="2022-02-13T21:38:46 CET" duration-ms="1" status="PASS">
          <reporter-output>
          </reporter-output>
        </test-method> <!-- tearDown -->
      </class> <!-- tests.day11.C03_TestBaseIlkTest -->
    </test> <!-- Command line test -->
  </suite> <!-- Command line suite -->
</testng-results>
